<?xml version="1.0" encoding="UTF-8"?>
<!-- Generated by org.testng.reporters.JUnitReportReporter -->
<testsuite hostname="MSI" failures="0" tests="1" name="Part3.softpartial" time="0.018" errors="0" timestamp="2023-08-07T23:00:47 IST" skipped="0">
  <testcase classname="Part3.softpartial" name="softassert" time="0.018"/>
</testsuite> <!-- Part3.softpartial -->
